44664014	NORM	0.227644691705265
44664014	POST	algebraic	1	0.47712125471966244
78661573	NORM	0.227644691705265
78661573	POST	collection	1	0.47712125471966244
78661573	NORM	0.91057876682106
78661573	POST	document	2	0.47712125471966244
78661573	NORM	8.19520890138954
78661573	POST	idf	6	0.47712125471966244
78661573	NORM	0.227644691705265
78661573	POST	information	1	0.47712125471966244
78661573	NORM	0.227644691705265
78661573	POST	inverse	1	0.47712125471966244
78661573	NORM	0.227644691705265
78661573	POST	measure	1	0.47712125471966244
44664014	NORM	5.691117292631625
44664014	POST	model	5	0.47712125471966244
67613335	NORM	0.227644691705265
67613335	POST	named	1	0.47712125471966244
78661573	NORM	0.227644691705265
78661573	POST	retrieval	1	0.47712125471966244
44664014	NORM	0.227644691705265
44664014	POST	vectors	1	0.47712125471966244
67613335	NORM	0.227644691705265
67613335	POST	algorithm	1	0.47712125471966244
78661573	NORM	0.227644691705265
78661573	POST	corpus	1	0.47712125471966244
78661573	NORM	0.227644691705265
78661573	POST	deorio	1	0.47712125471966244
44664014	NORM	0.227644691705265
44664014	POST	documents	1	0.47712125471966244
44664014	NORM	0.227644691705265
44664014	POST	general	1	0.47712125471966244
44664014	NORM	0.031008131515815038
44664014	POST	maya	1	0.17609125905568124
67613335	NORM	0.031008131515815038
67613335	POST	maya	1	0.17609125905568124
44664014	NORM	0.031008131515815038
44664014	POST	melina	1	0.17609125905568124
67613335	NORM	0.031008131515815038
67613335	POST	melina	1	0.17609125905568124
67613335	NORM	0.227644691705265
67613335	POST	pages	1	0.47712125471966244
67613335	NORM	0.227644691705265
67613335	POST	rank	1	0.47712125471966244
67613335	NORM	0.91057876682106
67613335	POST	search	2	0.47712125471966244
44664014	NORM	2.048802225347385
44664014	POST	space	3	0.47712125471966244
44664014	NORM	0.227644691705265
44664014	POST	terms	1	0.47712125471966244
44664014	NORM	0.227644691705265
44664014	POST	text	1	0.47712125471966244
78661573	NORM	8.19520890138954
78661573	POST	tf	6	0.47712125471966244
67613335	NORM	0.91057876682106
67613335	POST	web	2	0.47712125471966244
44664014	NORM	0.031008131515815038
44664014	POST	dell	1	0.17609125905568124
67613335	NORM	0.031008131515815038
67613335	POST	dell	1	0.17609125905568124
67613335	NORM	0.227644691705265
67613335	POST	google	1	0.47712125471966244
44664014	NORM	0.227644691705265
44664014	POST	index	1	0.47712125471966244
67613335	NORM	0.227644691705265
67613335	POST	larry	1	0.47712125471966244
44664014	NORM	0.227644691705265
44664014	POST	objects	1	0.47712125471966244
67613335	NORM	0.227644691705265
67613335	POST	pr	1	0.47712125471966244
78661573	NORM	0.227644691705265
78661573	POST	short	1	0.47712125471966244
44664014	NORM	0.031008131515815038
44664014	POST	term	1	0.17609125905568124
78661573	NORM	0.031008131515815038
78661573	POST	term	1	0.17609125905568124
78661573	NORM	0.227644691705265
78661573	POST	tfidf	1	0.47712125471966244
67613335	NORM	0.031008131515815038
67613335	POST	word	1	0.17609125905568124
78661573	NORM	0.031008131515815038
78661573	POST	word	1	0.17609125905568124
78661573	NORM	0.227644691705265
78661573	POST	andrew	1	0.47712125471966244
78661573	NORM	0.227644691705265
78661573	POST	author	1	0.47712125471966244
44664014	NORM	0.031008131515815038
44664014	POST	authors	1	0.17609125905568124
67613335	NORM	0.031008131515815038
67613335	POST	authors	1	0.17609125905568124
44664014	NORM	0.031008131515815038
44664014	POST	baveja	1	0.17609125905568124
67613335	NORM	0.031008131515815038
67613335	POST	baveja	1	0.17609125905568124
67613335	NORM	0.227644691705265
67613335	POST	engine	1	0.47712125471966244
67613335	NORM	0.227644691705265
67613335	POST	founder	1	0.47712125471966244
78661573	NORM	0.91057876682106
78661573	POST	frequency	2	0.47712125471966244
44664014	NORM	0.227644691705265
44664014	POST	identifiers	1	0.47712125471966244
78661573	NORM	0.227644691705265
78661573	POST	importance	1	0.47712125471966244
67613335	NORM	0.91057876682106
67613335	POST	page	2	0.47712125471966244
67613335	NORM	2.048802225347385
67613335	POST	pagerank	3	0.47712125471966244
44664014	NORM	0.227644691705265
44664014	POST	representing	1	0.47712125471966244
67613335	NORM	0.227644691705265
67613335	POST	results	1	0.47712125471966244
44664014	NORM	3.64231506728424
44664014	POST	vector	4	0.47712125471966244
