[map4] in: algebraic	44664014	1	0.47712125471966244
[map4] in: collection	78661573	1	0.47712125471966244
[map4] in: document	78661573	2	0.47712125471966244
[map4] in: idf	78661573	6	0.47712125471966244
[map4] in: information	78661573	1	0.47712125471966244
[map4] in: inverse	78661573	1	0.47712125471966244
[map4] in: measure	78661573	1	0.47712125471966244
[map4] in: model	44664014	5	0.47712125471966244
[map4] in: named	67613335	1	0.47712125471966244
[map4] in: retrieval	78661573	1	0.47712125471966244
[map4] in: vectors	44664014	1	0.47712125471966244
[map4] in: algorithm	67613335	1	0.47712125471966244
[map4] in: corpus	78661573	1	0.47712125471966244
[map4] in: deorio	78661573	1	0.47712125471966244
[map4] in: documents	44664014	1	0.47712125471966244
[map4] in: general	44664014	1	0.47712125471966244
[map4] in: maya	44664014	1	0.17609125905568124
[map4] in: maya	67613335	1	0.17609125905568124
[map4] in: melina	44664014	1	0.17609125905568124
[map4] in: melina	67613335	1	0.17609125905568124
[map4] in: pages	67613335	1	0.47712125471966244
[map4] in: rank	67613335	1	0.47712125471966244
[map4] in: search	67613335	2	0.47712125471966244
[map4] in: space	44664014	3	0.47712125471966244
[map4] in: terms	44664014	1	0.47712125471966244
[map4] in: text	44664014	1	0.47712125471966244
[map4] in: tf	78661573	6	0.47712125471966244
[map4] in: web	67613335	2	0.47712125471966244
[map4] in: dell	44664014	1	0.17609125905568124
[map4] in: dell	67613335	1	0.17609125905568124
[map4] in: google	67613335	1	0.47712125471966244
[map4] in: index	44664014	1	0.47712125471966244
[map4] in: larry	67613335	1	0.47712125471966244
[map4] in: objects	44664014	1	0.47712125471966244
[map4] in: pr	67613335	1	0.47712125471966244
[map4] in: short	78661573	1	0.47712125471966244
[map4] in: term	44664014	1	0.17609125905568124
[map4] in: term	78661573	1	0.17609125905568124
[map4] in: tfidf	78661573	1	0.47712125471966244
[map4] in: word	67613335	1	0.17609125905568124
[map4] in: word	78661573	1	0.17609125905568124
[map4] in: andrew	78661573	1	0.47712125471966244
[map4] in: author	78661573	1	0.47712125471966244
[map4] in: authors	44664014	1	0.17609125905568124
[map4] in: authors	67613335	1	0.17609125905568124
[map4] in: baveja	44664014	1	0.17609125905568124
[map4] in: baveja	67613335	1	0.17609125905568124
[map4] in: engine	67613335	1	0.47712125471966244
[map4] in: founder	67613335	1	0.47712125471966244
[map4] in: frequency	78661573	2	0.47712125471966244
[map4] in: identifiers	44664014	1	0.47712125471966244
[map4] in: importance	78661573	1	0.47712125471966244
[map4] in: page	67613335	2	0.47712125471966244
[map4] in: pagerank	67613335	3	0.47712125471966244
[map4] in: representing	44664014	1	0.47712125471966244
[map4] in: results	67613335	1	0.47712125471966244
[map4] in: vector	44664014	4	0.47712125471966244
